<?xml version="1.0" encoding="UTF-8"?>
<!-- Generated by org.testng.reporters.JUnitXMLReporter -->
<testsuite ignored="0" hostname="Jadhav" failures="0" tests="10" name="Default test" time="7.735" errors="0" timestamp="2026-08-23T16:37:29 IST">
  <testcase classname="testcases.CartTests" name="testCreateCart" time="1.612"/>
  <testcase classname="testcases.CartTests" name="testDeleteCart" time="0.727"/>
  <testcase classname="testcases.CartTests" name="testGetAllCarts" time="0.668"/>
  <testcase classname="testcases.CartTests" name="testGetCartById" time="0.632"/>
  <testcase classname="testcases.CartTests" name="testGetCartsByDateRange" time="0.75"/>
  <testcase classname="testcases.CartTests" name="testGetCartsSorted" time="0.677"/>
  <testcase classname="testcases.CartTests" name="testGetCartsSortedAsc" time="0.633"/>
  <testcase classname="testcases.CartTests" name="testGetCartsWithLimit" time="0.603"/>
  <testcase classname="testcases.CartTests" name="testGetUserCart" time="0.629"/>
  <testcase classname="testcases.CartTests" name="testUpdateCart" time="0.517"/>
</testsuite> <!-- Default test -->
