<?xml version="1.0" encoding="UTF-8"?>
<!-- Generated by org.testng.reporters.JUnitXMLReporter -->
<testsuite ignored="0" hostname="Jadhav" failures="0" tests="10" name="Default test" time="6.586" errors="0" timestamp="2026-08-11T20:21:02 IST">
  <testcase classname="testcases.ProductTests" name="testAddNewProduct" time="1.788"/>
  <testcase classname="testcases.ProductTests" name="testDeleteProduct" time="0.492"/>
  <testcase classname="testcases.ProductTests" name="testGetAllCategories" time="0.611"/>
  <testcase classname="testcases.ProductTests" name="testGetAllProducts" time="0.527"/>
  <testcase classname="testcases.ProductTests" name="testGetLimitedProducts" time="0.479"/>
  <testcase classname="testcases.ProductTests" name="testGetProductsByCategory" time="0.478"/>
  <testcase classname="testcases.ProductTests" name="testGetSingleProductById" time="0.45"/>
  <testcase classname="testcases.ProductTests" name="testGetSortedProducts" time="0.489"/>
  <testcase classname="testcases.ProductTests" name="testGetSortedProductsAsc" time="0.497"/>
  <testcase classname="testcases.ProductTests" name="testUpdateProduct" time="0.474"/>
</testsuite> <!-- Default test -->
