<?xml version="1.0" encoding="UTF-8"?>
<testng-results ignored="0" total="33" passed="32" failed="1" skipped="0">
  <reporter-output>
  </reporter-output>
  <suite started-at="2026-08-24T19:57:38 IST" name="API Suite" finished-at="2026-08-24T19:57:47 IST" duration-ms="9277">
    <groups>
    </groups>
    <test started-at="2026-08-24T19:57:38 IST" name="Product Data Driven Test" finished-at="2026-08-24T19:57:43 IST" duration-ms="4969">
      <class name="testcases.ProductDataDrivenTest">
        <test-method is-config="true" signature="setUp()[pri:0, instance:testcases.ProductDataDrivenTest@740fb309]" started-at="2026-08-24T19:57:38 IST" name="setUp" finished-at="2026-08-24T19:57:38 IST" duration-ms="358" status="PASS">
          <reporter-output>
          </reporter-output>
        </test-method> <!-- setUp -->
        <test-method signature="testAddNewProduct(java.util.Map)[pri:0, instance:testcases.ProductDataDrivenTest@740fb309]" started-at="2026-08-24T19:57:38 IST" name="testAddNewProduct" data-provider="jsonDataProvider" finished-at="2026-08-24T19:57:40 IST" duration-ms="1897" status="PASS">
          <params>
            <param index="0">
              <value>
                <![CDATA[{title=Wireless Mouse, price=25.99, description=Ergonomic wireless mouse with adjustable DPI., image=https://i.pravatar.cc/100, category=electronic}]]>
              </value>
            </param>
          </params>
          <reporter-output>
          </reporter-output>
        </test-method> <!-- testAddNewProduct -->
        <test-method signature="testAddNewProduct(java.util.Map)[pri:0, instance:testcases.ProductDataDrivenTest@740fb309]" started-at="2026-08-24T19:57:40 IST" name="testAddNewProduct" data-provider="jsonDataProvider" finished-at="2026-08-24T19:57:41 IST" duration-ms="600" status="PASS">
          <params>
            <param index="0">
              <value>
                <![CDATA[{title=Gaming Keyboard, price=49.99, description=Mechanical gaming keyboard with RGB backlight., image=https://i.pravatar.cc/101, category=electronic}]]>
              </value>
            </param>
          </params>
          <reporter-output>
          </reporter-output>
        </test-method> <!-- testAddNewProduct -->
        <test-method signature="testAddNewProduct(java.util.Map)[pri:0, instance:testcases.ProductDataDrivenTest@740fb309]" started-at="2026-08-24T19:57:41 IST" name="testAddNewProduct" data-provider="jsonDataProvider" finished-at="2026-08-24T19:57:42 IST" duration-ms="496" status="PASS">
          <params>
            <param index="0">
              <value>
                <![CDATA[{title=Bluetooth Headphones, price=79.99, description=Noise-canceling over-ear headphones with deep bass., image=https://i.pravatar.cc/102, category=electronics}]]>
              </value>
            </param>
          </params>
          <reporter-output>
          </reporter-output>
        </test-method> <!-- testAddNewProduct -->
        <test-method signature="testAddNewProduct(java.util.Map)[pri:0, instance:testcases.ProductDataDrivenTest@740fb309]" started-at="2026-08-24T19:57:42 IST" name="testAddNewProduct" data-provider="jsonDataProvider" finished-at="2026-08-24T19:57:42 IST" duration-ms="468" status="PASS">
          <params>
            <param index="0">
              <value>
                <![CDATA[{title=Smart Watch, price=129.99, description=Fitness smartwatch with heart rate monitor and GPS., image=https://i.pravatar.cc/103, category=wearables}]]>
              </value>
            </param>
          </params>
          <reporter-output>
          </reporter-output>
        </test-method> <!-- testAddNewProduct -->
        <test-method signature="testAddNewProduct(java.util.Map)[pri:0, instance:testcases.ProductDataDrivenTest@740fb309]" started-at="2026-08-24T19:57:42 IST" name="testAddNewProduct" data-provider="jsonDataProvider" finished-at="2026-08-24T19:57:43 IST" duration-ms="470" status="PASS">
          <params>
            <param index="0">
              <value>
                <![CDATA[{title=Portable Speaker, price=39.99, description=Waterproof Bluetooth speaker with 12-hour battery life., image=https://i.pravatar.cc/104, category=audio}]]>
              </value>
            </param>
          </params>
          <reporter-output>
          </reporter-output>
        </test-method> <!-- testAddNewProduct -->
      </class> <!-- testcases.ProductDataDrivenTest -->
    </test> <!-- Product Data Driven Test -->
    <test started-at="2026-08-24T19:57:38 IST" name="UserTest" finished-at="2026-08-24T19:57:45 IST" duration-ms="7826">
      <class name="testcases.UserTests">
        <test-method is-config="true" signature="setUp()[pri:0, instance:testcases.UserTests@5890e879]" started-at="2026-08-24T19:57:38 IST" name="setUp" finished-at="2026-08-24T19:57:38 IST" duration-ms="358" status="PASS">
          <reporter-output>
          </reporter-output>
        </test-method> <!-- setUp -->
        <test-method signature="testCreateUser()[pri:0, instance:testcases.UserTests@5890e879]" started-at="2026-08-24T19:57:38 IST" name="testCreateUser" finished-at="2026-08-24T19:57:41 IST" duration-ms="2705" status="PASS">
          <reporter-output>
          </reporter-output>
        </test-method> <!-- testCreateUser -->
        <test-method signature="testDeleteUser()[pri:0, instance:testcases.UserTests@5890e879]" started-at="2026-08-24T19:57:41 IST" name="testDeleteUser" finished-at="2026-08-24T19:57:42 IST" duration-ms="608" status="PASS">
          <reporter-output>
          </reporter-output>
        </test-method> <!-- testDeleteUser -->
        <test-method signature="testGetAllUsers()[pri:0, instance:testcases.UserTests@5890e879]" started-at="2026-08-24T19:57:42 IST" name="testGetAllUsers" finished-at="2026-08-24T19:57:42 IST" duration-ms="637" status="PASS">
          <reporter-output>
          </reporter-output>
        </test-method> <!-- testGetAllUsers -->
        <test-method signature="testGetUserById()[pri:0, instance:testcases.UserTests@5890e879]" started-at="2026-08-24T19:57:42 IST" name="testGetUserById" finished-at="2026-08-24T19:57:43 IST" duration-ms="665" status="PASS">
          <reporter-output>
          </reporter-output>
        </test-method> <!-- testGetUserById -->
        <test-method signature="testGetUsersSorted()[pri:0, instance:testcases.UserTests@5890e879]" started-at="2026-08-24T19:57:43 IST" name="testGetUsersSorted" finished-at="2026-08-24T19:57:44 IST" duration-ms="746" status="PASS">
          <reporter-output>
          </reporter-output>
        </test-method> <!-- testGetUsersSorted -->
        <test-method signature="testGetUsersSortedAsc()[pri:0, instance:testcases.UserTests@5890e879]" started-at="2026-08-24T19:57:44 IST" name="testGetUsersSortedAsc" finished-at="2026-08-24T19:57:44 IST" duration-ms="675" status="PASS">
          <reporter-output>
          </reporter-output>
        </test-method> <!-- testGetUsersSortedAsc -->
        <test-method signature="testGetUsersWithLimit()[pri:0, instance:testcases.UserTests@5890e879]" started-at="2026-08-24T19:57:44 IST" name="testGetUsersWithLimit" finished-at="2026-08-24T19:57:45 IST" duration-ms="633" status="PASS">
          <reporter-output>
          </reporter-output>
        </test-method> <!-- testGetUsersWithLimit -->
        <test-method signature="testUpdateUser()[pri:0, instance:testcases.UserTests@5890e879]" started-at="2026-08-24T19:57:45 IST" name="testUpdateUser" finished-at="2026-08-24T19:57:45 IST" duration-ms="494" status="PASS">
          <reporter-output>
          </reporter-output>
        </test-method> <!-- testUpdateUser -->
      </class> <!-- testcases.UserTests -->
    </test> <!-- UserTest -->
    <test started-at="2026-08-24T19:57:38 IST" name="ProductTest" finished-at="2026-08-24T19:57:46 IST" duration-ms="8171">
      <class name="testcases.ProductTests">
        <test-method is-config="true" signature="setUp()[pri:0, instance:testcases.ProductTests@2ab4bc72]" started-at="2026-08-24T19:57:38 IST" name="setUp" finished-at="2026-08-24T19:57:38 IST" duration-ms="356" status="PASS">
          <reporter-output>
          </reporter-output>
        </test-method> <!-- setUp -->
        <test-method signature="testAddNewProduct()[pri:0, instance:testcases.ProductTests@2ab4bc72]" started-at="2026-08-24T19:57:38 IST" name="testAddNewProduct" finished-at="2026-08-24T19:57:41 IST" duration-ms="2691" status="PASS">
          <reporter-output>
          </reporter-output>
        </test-method> <!-- testAddNewProduct -->
        <test-method signature="testDeleteProduct()[pri:0, instance:testcases.ProductTests@2ab4bc72]" started-at="2026-08-24T19:57:41 IST" name="testDeleteProduct" finished-at="2026-08-24T19:57:41 IST" duration-ms="508" status="PASS">
          <reporter-output>
          </reporter-output>
        </test-method> <!-- testDeleteProduct -->
        <test-method signature="testGetAllCategories()[pri:0, instance:testcases.ProductTests@2ab4bc72]" started-at="2026-08-24T19:57:41 IST" name="testGetAllCategories" finished-at="2026-08-24T19:57:42 IST" duration-ms="493" status="PASS">
          <reporter-output>
          </reporter-output>
        </test-method> <!-- testGetAllCategories -->
        <test-method signature="testGetAllProducts()[pri:0, instance:testcases.ProductTests@2ab4bc72]" started-at="2026-08-24T19:57:42 IST" name="testGetAllProducts" finished-at="2026-08-24T19:57:42 IST" duration-ms="542" status="PASS">
          <reporter-output>
          </reporter-output>
        </test-method> <!-- testGetAllProducts -->
        <test-method signature="testGetLimitedProducts()[pri:0, instance:testcases.ProductTests@2ab4bc72]" started-at="2026-08-24T19:57:42 IST" name="testGetLimitedProducts" finished-at="2026-08-24T19:57:43 IST" duration-ms="582" status="PASS">
          <reporter-output>
          </reporter-output>
        </test-method> <!-- testGetLimitedProducts -->
        <test-method signature="testGetProductsByCategory()[pri:0, instance:testcases.ProductTests@2ab4bc72]" started-at="2026-08-24T19:57:43 IST" name="testGetProductsByCategory" finished-at="2026-08-24T19:57:44 IST" duration-ms="547" status="PASS">
          <reporter-output>
          </reporter-output>
        </test-method> <!-- testGetProductsByCategory -->
        <test-method signature="testGetSingleProductById()[pri:0, instance:testcases.ProductTests@2ab4bc72]" started-at="2026-08-24T19:57:44 IST" name="testGetSingleProductById" finished-at="2026-08-24T19:57:44 IST" duration-ms="578" status="PASS">
          <reporter-output>
          </reporter-output>
        </test-method> <!-- testGetSingleProductById -->
        <test-method signature="testGetSortedProducts()[pri:0, instance:testcases.ProductTests@2ab4bc72]" started-at="2026-08-24T19:57:44 IST" name="testGetSortedProducts" finished-at="2026-08-24T19:57:45 IST" duration-ms="505" status="PASS">
          <reporter-output>
          </reporter-output>
        </test-method> <!-- testGetSortedProducts -->
        <test-method signature="testGetSortedProductsAsc()[pri:0, instance:testcases.ProductTests@2ab4bc72]" started-at="2026-08-24T19:57:45 IST" name="testGetSortedProductsAsc" finished-at="2026-08-24T19:57:45 IST" duration-ms="532" status="PASS">
          <reporter-output>
          </reporter-output>
        </test-method> <!-- testGetSortedProductsAsc -->
        <test-method signature="testUpdateProduct()[pri:0, instance:testcases.ProductTests@2ab4bc72]" started-at="2026-08-24T19:57:45 IST" name="testUpdateProduct" finished-at="2026-08-24T19:57:46 IST" duration-ms="505" status="PASS">
          <reporter-output>
          </reporter-output>
        </test-method> <!-- testUpdateProduct -->
      </class> <!-- testcases.ProductTests -->
    </test> <!-- ProductTest -->
    <test started-at="2026-08-24T19:57:38 IST" name="Cart Test" finished-at="2026-08-24T19:57:47 IST" duration-ms="9277">
      <class name="testcases.CartTests">
        <test-method is-config="true" signature="setUp()[pri:0, instance:testcases.CartTests@5b38c1ec]" started-at="2026-08-24T19:57:38 IST" name="setUp" finished-at="2026-08-24T19:57:38 IST" duration-ms="359" status="PASS">
          <reporter-output>
          </reporter-output>
        </test-method> <!-- setUp -->
        <test-method signature="testCreateCart()[pri:0, instance:testcases.CartTests@5b38c1ec]" started-at="2026-08-24T19:57:38 IST" name="testCreateCart" finished-at="2026-08-24T19:57:41 IST" duration-ms="2733" status="FAIL">
          <exception class="java.lang.AssertionError">
            <message>
              <![CDATA[1 expectation failed.
JSON path products.size() doesn't match.
Expected: a value greater than <1>
  Actual: <1>
]]>
            </message>
            <full-stacktrace>
              <![CDATA[java.lang.AssertionError: 1 expectation failed.
JSON path products.size() doesn't match.
Expected: a value greater than <1>
  Actual: <1>

at java.base/jdk.internal.reflect.DirectConstructorHandleAccessor.newInstance(DirectConstructorHandleAccessor.java:62)
at java.base/java.lang.reflect.Constructor.newInstanceWithCaller(Constructor.java:502)
at java.base/java.lang.reflect.Constructor.newInstance(Constructor.java:486)
at org.codehaus.groovy.reflection.CachedConstructor.invoke(CachedConstructor.java:73)
at org.codehaus.groovy.runtime.callsite.ConstructorSite$ConstructorSiteNoUnwrapNoCoerce.callConstructor(ConstructorSite.java:108)
at org.codehaus.groovy.runtime.callsite.CallSiteArray.defaultCallConstructor(CallSiteArray.java:57)
at org.codehaus.groovy.runtime.callsite.AbstractCallSite.callConstructor(AbstractCallSite.java:263)
at org.codehaus.groovy.runtime.callsite.AbstractCallSite.callConstructor(AbstractCallSite.java:277)
at io.restassured.internal.ResponseSpecificationImpl$HamcrestAssertionClosure.validate(ResponseSpecificationImpl.groovy:512)
at io.restassured.internal.ResponseSpecificationImpl$HamcrestAssertionClosure$validate$6.call(Unknown Source)
at io.restassured.internal.ResponseSpecificationImpl.validateResponseIfRequired(ResponseSpecificationImpl.groovy:696)
at io.restassured.internal.ResponseSpecificationImpl.this$2$validateResponseIfRequired(ResponseSpecificationImpl.groovy)
at java.base/jdk.internal.reflect.DirectMethodHandleAccessor.invoke(DirectMethodHandleAccessor.java:103)
at java.base/java.lang.reflect.Method.invoke(Method.java:580)
at org.codehaus.groovy.runtime.callsite.PlainObjectMetaMethodSite.doInvoke(PlainObjectMetaMethodSite.java:43)
at org.codehaus.groovy.runtime.callsite.PogoMetaMethodSite$PogoCachedMethodSiteNoUnwrapNoCoerce.invoke(PogoMetaMethodSite.java:198)
at org.codehaus.groovy.runtime.callsite.PogoMetaMethodSite.callCurrent(PogoMetaMethodSite.java:62)
at org.codehaus.groovy.runtime.callsite.AbstractCallSite.callCurrent(AbstractCallSite.java:185)
at io.restassured.internal.ResponseSpecificationImpl.body(ResponseSpecificationImpl.groovy:270)
at io.restassured.specification.ResponseSpecification$body$2.callCurrent(Unknown Source)
at org.codehaus.groovy.runtime.callsite.CallSiteArray.defaultCallCurrent(CallSiteArray.java:49)
at io.restassured.specification.ResponseSpecification$body$2.callCurrent(Unknown Source)
at io.restassured.internal.ResponseSpecificationImpl.body(ResponseSpecificationImpl.groovy:117)
at io.restassured.internal.ValidatableResponseOptionsImpl.body(ValidatableResponseOptionsImpl.java:244)
at testcases.CartTests.testCreateCart(CartTests.java:61)
at java.base/jdk.internal.reflect.DirectMethodHandleAccessor.invoke(DirectMethodHandleAccessor.java:103)
at java.base/java.lang.reflect.Method.invoke(Method.java:580)
at org.testng.internal.invokers.MethodInvocationHelper.invokeMethod(MethodInvocationHelper.java:141)
at org.testng.internal.invokers.TestInvoker.invokeMethod(TestInvoker.java:686)
at org.testng.internal.invokers.TestInvoker.invokeTestMethod(TestInvoker.java:230)
at org.testng.internal.invokers.MethodRunner.runInSequence(MethodRunner.java:63)
at org.testng.internal.invokers.TestInvoker$MethodInvocationAgent.invoke(TestInvoker.java:992)
at org.testng.internal.invokers.TestInvoker.invokeTestMethods(TestInvoker.java:203)
at org.testng.internal.invokers.TestMethodWorker.invokeTestMethods(TestMethodWorker.java:154)
at org.testng.internal.invokers.TestMethodWorker.run(TestMethodWorker.java:134)
at java.base/java.util.ArrayList.forEach(ArrayList.java:1596)
at org.testng.TestRunner.privateRun(TestRunner.java:739)
at org.testng.TestRunner.run(TestRunner.java:614)
at org.testng.SuiteRunner.runTest(SuiteRunner.java:421)
at org.testng.SuiteRunner$SuiteWorker.run(SuiteRunner.java:463)
at org.testng.internal.thread.ThreadUtil.lambda$execute$0(ThreadUtil.java:64)
at java.base/java.util.concurrent.FutureTask.run(FutureTask.java:317)
at java.base/java.util.concurrent.ThreadPoolExecutor.runWorker(ThreadPoolExecutor.java:1144)
at java.base/java.util.concurrent.ThreadPoolExecutor$Worker.run(ThreadPoolExecutor.java:642)
at java.base/java.lang.Thread.run(Thread.java:1583)
]]>
            </full-stacktrace>
          </exception> <!-- java.lang.AssertionError -->
          <reporter-output>
          </reporter-output>
        </test-method> <!-- testCreateCart -->
        <test-method signature="testDeleteCart()[pri:0, instance:testcases.CartTests@5b38c1ec]" started-at="2026-08-24T19:57:41 IST" name="testDeleteCart" finished-at="2026-08-24T19:57:42 IST" duration-ms="576" status="PASS">
          <reporter-output>
          </reporter-output>
        </test-method> <!-- testDeleteCart -->
        <test-method signature="testGetAllCarts()[pri:0, instance:testcases.CartTests@5b38c1ec]" started-at="2026-08-24T19:57:42 IST" name="testGetAllCarts" finished-at="2026-08-24T19:57:42 IST" duration-ms="620" status="PASS">
          <reporter-output>
          </reporter-output>
        </test-method> <!-- testGetAllCarts -->
        <test-method signature="testGetCartById()[pri:0, instance:testcases.CartTests@5b38c1ec]" started-at="2026-08-24T19:57:42 IST" name="testGetCartById" finished-at="2026-08-24T19:57:43 IST" duration-ms="674" status="PASS">
          <reporter-output>
          </reporter-output>
        </test-method> <!-- testGetCartById -->
        <test-method signature="testGetCartsByDateRange()[pri:0, instance:testcases.CartTests@5b38c1ec]" started-at="2026-08-24T19:57:43 IST" name="testGetCartsByDateRange" finished-at="2026-08-24T19:57:44 IST" duration-ms="746" status="PASS">
          <reporter-output>
          </reporter-output>
        </test-method> <!-- testGetCartsByDateRange -->
        <test-method signature="testGetCartsSorted()[pri:0, instance:testcases.CartTests@5b38c1ec]" started-at="2026-08-24T19:57:44 IST" name="testGetCartsSorted" finished-at="2026-08-24T19:57:44 IST" duration-ms="675" status="PASS">
          <reporter-output>
          </reporter-output>
        </test-method> <!-- testGetCartsSorted -->
        <test-method signature="testGetCartsSortedAsc()[pri:0, instance:testcases.CartTests@5b38c1ec]" started-at="2026-08-24T19:57:44 IST" name="testGetCartsSortedAsc" finished-at="2026-08-24T19:57:45 IST" duration-ms="647" status="PASS">
          <reporter-output>
          </reporter-output>
        </test-method> <!-- testGetCartsSortedAsc -->
        <test-method signature="testGetCartsWithLimit()[pri:0, instance:testcases.CartTests@5b38c1ec]" started-at="2026-08-24T19:57:45 IST" name="testGetCartsWithLimit" finished-at="2026-08-24T19:57:45 IST" duration-ms="596" status="PASS">
          <reporter-output>
          </reporter-output>
        </test-method> <!-- testGetCartsWithLimit -->
        <test-method signature="testGetUserCart()[pri:0, instance:testcases.CartTests@5b38c1ec]" started-at="2026-08-24T19:57:45 IST" name="testGetUserCart" finished-at="2026-08-24T19:57:46 IST" duration-ms="629" status="PASS">
          <reporter-output>
          </reporter-output>
        </test-method> <!-- testGetUserCart -->
        <test-method signature="testUpdateCart()[pri:0, instance:testcases.CartTests@5b38c1ec]" started-at="2026-08-24T19:57:46 IST" name="testUpdateCart" finished-at="2026-08-24T19:57:47 IST" duration-ms="697" status="PASS">
          <reporter-output>
          </reporter-output>
        </test-method> <!-- testUpdateCart -->
      </class> <!-- testcases.CartTests -->
    </test> <!-- Cart Test -->
  </suite> <!-- API Suite -->
</testng-results>
