<?xml version="1.0" encoding="UTF-8"?>
<testng-results ignored="0" total="33" passed="33" failed="0" skipped="0">
  <reporter-output>
  </reporter-output>
  <suite started-at="2026-08-23T16:39:25 IST" name="API Suite" finished-at="2026-08-23T16:39:32 IST" duration-ms="7523">
    <groups>
    </groups>
    <test started-at="2026-08-23T16:39:25 IST" name="Product Data Driven Test" finished-at="2026-08-23T16:39:29 IST" duration-ms="3841">
      <class name="testcases.ProductDataDrivenTest">
        <test-method is-config="true" signature="setUp()[pri:0, instance:testcases.ProductDataDrivenTest@2eea88a1]" started-at="2026-08-23T16:39:25 IST" name="setUp" finished-at="2026-08-23T16:39:25 IST" duration-ms="226" status="PASS">
          <reporter-output>
          </reporter-output>
        </test-method> <!-- setUp -->
        <test-method signature="testAddNewProduct(java.util.Map)[pri:0, instance:testcases.ProductDataDrivenTest@2eea88a1]" started-at="2026-08-23T16:39:25 IST" name="testAddNewProduct" data-provider="jsonDataProvider" finished-at="2026-08-23T16:39:27 IST" duration-ms="1322" status="PASS">
          <params>
            <param index="0">
              <value>
                <![CDATA[{title=Wireless Mouse, price=25.99, description=Ergonomic wireless mouse with adjustable DPI., image=https://i.pravatar.cc/100, category=electronic}]]>
              </value>
            </param>
          </params>
          <reporter-output>
          </reporter-output>
        </test-method> <!-- testAddNewProduct -->
        <test-method signature="testAddNewProduct(java.util.Map)[pri:0, instance:testcases.ProductDataDrivenTest@2eea88a1]" started-at="2026-08-23T16:39:27 IST" name="testAddNewProduct" data-provider="jsonDataProvider" finished-at="2026-08-23T16:39:27 IST" duration-ms="481" status="PASS">
          <params>
            <param index="0">
              <value>
                <![CDATA[{title=Gaming Keyboard, price=49.99, description=Mechanical gaming keyboard with RGB backlight., image=https://i.pravatar.cc/101, category=electronic}]]>
              </value>
            </param>
          </params>
          <reporter-output>
          </reporter-output>
        </test-method> <!-- testAddNewProduct -->
        <test-method signature="testAddNewProduct(java.util.Map)[pri:0, instance:testcases.ProductDataDrivenTest@2eea88a1]" started-at="2026-08-23T16:39:27 IST" name="testAddNewProduct" data-provider="jsonDataProvider" finished-at="2026-08-23T16:39:28 IST" duration-ms="471" status="PASS">
          <params>
            <param index="0">
              <value>
                <![CDATA[{title=Bluetooth Headphones, price=79.99, description=Noise-canceling over-ear headphones with deep bass., image=https://i.pravatar.cc/102, category=electronics}]]>
              </value>
            </param>
          </params>
          <reporter-output>
          </reporter-output>
        </test-method> <!-- testAddNewProduct -->
        <test-method signature="testAddNewProduct(java.util.Map)[pri:0, instance:testcases.ProductDataDrivenTest@2eea88a1]" started-at="2026-08-23T16:39:28 IST" name="testAddNewProduct" data-provider="jsonDataProvider" finished-at="2026-08-23T16:39:28 IST" duration-ms="477" status="PASS">
          <params>
            <param index="0">
              <value>
                <![CDATA[{title=Smart Watch, price=129.99, description=Fitness smartwatch with heart rate monitor and GPS., image=https://i.pravatar.cc/103, category=wearables}]]>
              </value>
            </param>
          </params>
          <reporter-output>
          </reporter-output>
        </test-method> <!-- testAddNewProduct -->
        <test-method signature="testAddNewProduct(java.util.Map)[pri:0, instance:testcases.ProductDataDrivenTest@2eea88a1]" started-at="2026-08-23T16:39:28 IST" name="testAddNewProduct" data-provider="jsonDataProvider" finished-at="2026-08-23T16:39:29 IST" duration-ms="465" status="PASS">
          <params>
            <param index="0">
              <value>
                <![CDATA[{title=Portable Speaker, price=39.99, description=Waterproof Bluetooth speaker with 12-hour battery life., image=https://i.pravatar.cc/104, category=audio}]]>
              </value>
            </param>
          </params>
          <reporter-output>
          </reporter-output>
        </test-method> <!-- testAddNewProduct -->
      </class> <!-- testcases.ProductDataDrivenTest -->
    </test> <!-- Product Data Driven Test -->
    <test started-at="2026-08-23T16:39:25 IST" name="UserTest" finished-at="2026-08-23T16:39:31 IST" duration-ms="6256">
      <class name="testcases.UserTests">
        <test-method is-config="true" signature="setUp()[pri:0, instance:testcases.UserTests@24c1b2d2]" started-at="2026-08-23T16:39:25 IST" name="setUp" finished-at="2026-08-23T16:39:25 IST" duration-ms="226" status="PASS">
          <reporter-output>
          </reporter-output>
        </test-method> <!-- setUp -->
        <test-method signature="testCreateUser()[pri:0, instance:testcases.UserTests@24c1b2d2]" started-at="2026-08-23T16:39:25 IST" name="testCreateUser" finished-at="2026-08-23T16:39:27 IST" duration-ms="1905" status="PASS">
          <reporter-output>
          </reporter-output>
        </test-method> <!-- testCreateUser -->
        <test-method signature="testDeleteUser()[pri:0, instance:testcases.UserTests@24c1b2d2]" started-at="2026-08-23T16:39:27 IST" name="testDeleteUser" finished-at="2026-08-23T16:39:28 IST" duration-ms="588" status="PASS">
          <reporter-output>
          </reporter-output>
        </test-method> <!-- testDeleteUser -->
        <test-method signature="testGetAllUsers()[pri:0, instance:testcases.UserTests@24c1b2d2]" started-at="2026-08-23T16:39:28 IST" name="testGetAllUsers" finished-at="2026-08-23T16:39:28 IST" duration-ms="588" status="PASS">
          <reporter-output>
          </reporter-output>
        </test-method> <!-- testGetAllUsers -->
        <test-method signature="testGetUserById()[pri:0, instance:testcases.UserTests@24c1b2d2]" started-at="2026-08-23T16:39:28 IST" name="testGetUserById" finished-at="2026-08-23T16:39:29 IST" duration-ms="557" status="PASS">
          <reporter-output>
          </reporter-output>
        </test-method> <!-- testGetUserById -->
        <test-method signature="testGetUsersSorted()[pri:0, instance:testcases.UserTests@24c1b2d2]" started-at="2026-08-23T16:39:29 IST" name="testGetUsersSorted" finished-at="2026-08-23T16:39:29 IST" duration-ms="576" status="PASS">
          <reporter-output>
          </reporter-output>
        </test-method> <!-- testGetUsersSorted -->
        <test-method signature="testGetUsersSortedAsc()[pri:0, instance:testcases.UserTests@24c1b2d2]" started-at="2026-08-23T16:39:29 IST" name="testGetUsersSortedAsc" finished-at="2026-08-23T16:39:30 IST" duration-ms="577" status="PASS">
          <reporter-output>
          </reporter-output>
        </test-method> <!-- testGetUsersSortedAsc -->
        <test-method signature="testGetUsersWithLimit()[pri:0, instance:testcases.UserTests@24c1b2d2]" started-at="2026-08-23T16:39:30 IST" name="testGetUsersWithLimit" finished-at="2026-08-23T16:39:31 IST" duration-ms="560" status="PASS">
          <reporter-output>
          </reporter-output>
        </test-method> <!-- testGetUsersWithLimit -->
        <test-method signature="testUpdateUser()[pri:0, instance:testcases.UserTests@24c1b2d2]" started-at="2026-08-23T16:39:31 IST" name="testUpdateUser" finished-at="2026-08-23T16:39:31 IST" duration-ms="525" status="PASS">
          <reporter-output>
          </reporter-output>
        </test-method> <!-- testUpdateUser -->
      </class> <!-- testcases.UserTests -->
    </test> <!-- UserTest -->
    <test started-at="2026-08-23T16:39:25 IST" name="ProductTest" finished-at="2026-08-23T16:39:31 IST" duration-ms="6641">
      <class name="testcases.ProductTests">
        <test-method is-config="true" signature="setUp()[pri:0, instance:testcases.ProductTests@68878f6d]" started-at="2026-08-23T16:39:25 IST" name="setUp" finished-at="2026-08-23T16:39:25 IST" duration-ms="225" status="PASS">
          <reporter-output>
          </reporter-output>
        </test-method> <!-- setUp -->
        <test-method signature="testAddNewProduct()[pri:0, instance:testcases.ProductTests@68878f6d]" started-at="2026-08-23T16:39:25 IST" name="testAddNewProduct" finished-at="2026-08-23T16:39:27 IST" duration-ms="1893" status="PASS">
          <reporter-output>
          </reporter-output>
        </test-method> <!-- testAddNewProduct -->
        <test-method signature="testDeleteProduct()[pri:0, instance:testcases.ProductTests@68878f6d]" started-at="2026-08-23T16:39:27 IST" name="testDeleteProduct" finished-at="2026-08-23T16:39:28 IST" duration-ms="490" status="PASS">
          <reporter-output>
          </reporter-output>
        </test-method> <!-- testDeleteProduct -->
        <test-method signature="testGetAllCategories()[pri:0, instance:testcases.ProductTests@68878f6d]" started-at="2026-08-23T16:39:28 IST" name="testGetAllCategories" finished-at="2026-08-23T16:39:28 IST" duration-ms="499" status="PASS">
          <reporter-output>
          </reporter-output>
        </test-method> <!-- testGetAllCategories -->
        <test-method signature="testGetAllProducts()[pri:0, instance:testcases.ProductTests@68878f6d]" started-at="2026-08-23T16:39:28 IST" name="testGetAllProducts" finished-at="2026-08-23T16:39:29 IST" duration-ms="470" status="PASS">
          <reporter-output>
          </reporter-output>
        </test-method> <!-- testGetAllProducts -->
        <test-method signature="testGetLimitedProducts()[pri:0, instance:testcases.ProductTests@68878f6d]" started-at="2026-08-23T16:39:29 IST" name="testGetLimitedProducts" finished-at="2026-08-23T16:39:29 IST" duration-ms="472" status="PASS">
          <reporter-output>
          </reporter-output>
        </test-method> <!-- testGetLimitedProducts -->
        <test-method signature="testGetProductsByCategory()[pri:0, instance:testcases.ProductTests@68878f6d]" started-at="2026-08-23T16:39:29 IST" name="testGetProductsByCategory" finished-at="2026-08-23T16:39:29 IST" duration-ms="481" status="PASS">
          <reporter-output>
          </reporter-output>
        </test-method> <!-- testGetProductsByCategory -->
        <test-method signature="testGetSingleProductById()[pri:0, instance:testcases.ProductTests@68878f6d]" started-at="2026-08-23T16:39:30 IST" name="testGetSingleProductById" finished-at="2026-08-23T16:39:30 IST" duration-ms="474" status="PASS">
          <reporter-output>
          </reporter-output>
        </test-method> <!-- testGetSingleProductById -->
        <test-method signature="testGetSortedProducts()[pri:0, instance:testcases.ProductTests@68878f6d]" started-at="2026-08-23T16:39:30 IST" name="testGetSortedProducts" finished-at="2026-08-23T16:39:30 IST" duration-ms="488" status="PASS">
          <reporter-output>
          </reporter-output>
        </test-method> <!-- testGetSortedProducts -->
        <test-method signature="testGetSortedProductsAsc()[pri:0, instance:testcases.ProductTests@68878f6d]" started-at="2026-08-23T16:39:30 IST" name="testGetSortedProductsAsc" finished-at="2026-08-23T16:39:31 IST" duration-ms="482" status="PASS">
          <reporter-output>
          </reporter-output>
        </test-method> <!-- testGetSortedProductsAsc -->
        <test-method signature="testUpdateProduct()[pri:0, instance:testcases.ProductTests@68878f6d]" started-at="2026-08-23T16:39:31 IST" name="testUpdateProduct" finished-at="2026-08-23T16:39:31 IST" duration-ms="501" status="PASS">
          <reporter-output>
          </reporter-output>
        </test-method> <!-- testUpdateProduct -->
      </class> <!-- testcases.ProductTests -->
    </test> <!-- ProductTest -->
    <test started-at="2026-08-23T16:39:25 IST" name="Cart Test" finished-at="2026-08-23T16:39:32 IST" duration-ms="7523">
      <class name="testcases.CartTests">
        <test-method is-config="true" signature="setUp()[pri:0, instance:testcases.CartTests@9cb8225]" started-at="2026-08-23T16:39:25 IST" name="setUp" finished-at="2026-08-23T16:39:25 IST" duration-ms="226" status="PASS">
          <reporter-output>
          </reporter-output>
        </test-method> <!-- setUp -->
        <test-method signature="testCreateCart()[pri:0, instance:testcases.CartTests@9cb8225]" started-at="2026-08-23T16:39:25 IST" name="testCreateCart" finished-at="2026-08-23T16:39:27 IST" duration-ms="1915" status="PASS">
          <reporter-output>
          </reporter-output>
        </test-method> <!-- testCreateCart -->
        <test-method signature="testDeleteCart()[pri:0, instance:testcases.CartTests@9cb8225]" started-at="2026-08-23T16:39:27 IST" name="testDeleteCart" finished-at="2026-08-23T16:39:28 IST" duration-ms="579" status="PASS">
          <reporter-output>
          </reporter-output>
        </test-method> <!-- testDeleteCart -->
        <test-method signature="testGetAllCarts()[pri:0, instance:testcases.CartTests@9cb8225]" started-at="2026-08-23T16:39:28 IST" name="testGetAllCarts" finished-at="2026-08-23T16:39:28 IST" duration-ms="586" status="PASS">
          <reporter-output>
          </reporter-output>
        </test-method> <!-- testGetAllCarts -->
        <test-method signature="testGetCartById()[pri:0, instance:testcases.CartTests@9cb8225]" started-at="2026-08-23T16:39:28 IST" name="testGetCartById" finished-at="2026-08-23T16:39:29 IST" duration-ms="568" status="PASS">
          <reporter-output>
          </reporter-output>
        </test-method> <!-- testGetCartById -->
        <test-method signature="testGetCartsByDateRange()[pri:0, instance:testcases.CartTests@9cb8225]" started-at="2026-08-23T16:39:29 IST" name="testGetCartsByDateRange" finished-at="2026-08-23T16:39:29 IST" duration-ms="587" status="PASS">
          <reporter-output>
          </reporter-output>
        </test-method> <!-- testGetCartsByDateRange -->
        <test-method signature="testGetCartsSorted()[pri:0, instance:testcases.CartTests@9cb8225]" started-at="2026-08-23T16:39:29 IST" name="testGetCartsSorted" finished-at="2026-08-23T16:39:30 IST" duration-ms="577" status="PASS">
          <reporter-output>
          </reporter-output>
        </test-method> <!-- testGetCartsSorted -->
        <test-method signature="testGetCartsSortedAsc()[pri:0, instance:testcases.CartTests@9cb8225]" started-at="2026-08-23T16:39:30 IST" name="testGetCartsSortedAsc" finished-at="2026-08-23T16:39:31 IST" duration-ms="588" status="PASS">
          <reporter-output>
          </reporter-output>
        </test-method> <!-- testGetCartsSortedAsc -->
        <test-method signature="testGetCartsWithLimit()[pri:0, instance:testcases.CartTests@9cb8225]" started-at="2026-08-23T16:39:31 IST" name="testGetCartsWithLimit" finished-at="2026-08-23T16:39:31 IST" duration-ms="609" status="PASS">
          <reporter-output>
          </reporter-output>
        </test-method> <!-- testGetCartsWithLimit -->
        <test-method signature="testGetUserCart()[pri:0, instance:testcases.CartTests@9cb8225]" started-at="2026-08-23T16:39:31 IST" name="testGetUserCart" finished-at="2026-08-23T16:39:32 IST" duration-ms="611" status="PASS">
          <reporter-output>
          </reporter-output>
        </test-method> <!-- testGetUserCart -->
        <test-method signature="testUpdateCart()[pri:0, instance:testcases.CartTests@9cb8225]" started-at="2026-08-23T16:39:32 IST" name="testUpdateCart" finished-at="2026-08-23T16:39:32 IST" duration-ms="513" status="PASS">
          <reporter-output>
          </reporter-output>
        </test-method> <!-- testUpdateCart -->
      </class> <!-- testcases.CartTests -->
    </test> <!-- Cart Test -->
  </suite> <!-- API Suite -->
</testng-results>
