<?xml version="1.0" encoding="UTF-8"?>
<!-- Generated by org.testng.reporters.JUnitReportReporter -->
<testsuite hostname="Jadhav" failures="0" tests="5" name="testcases.ProductDataDrivenTest" time="2.771" errors="0" timestamp="2026-08-21T10:23:46 IST" skipped="0">
  <testcase classname="testcases.ProductDataDrivenTest" name="testAddNewProduct" time="0.607"/>
  <testcase classname="testcases.ProductDataDrivenTest" name="testAddNewProduct" time="0.551"/>
  <testcase classname="testcases.ProductDataDrivenTest" name="testAddNewProduct" time="0.475"/>
  <testcase classname="testcases.ProductDataDrivenTest" name="testAddNewProduct" time="0.527"/>
  <testcase classname="testcases.ProductDataDrivenTest" name="testAddNewProduct" time="0.611"/>
</testsuite> <!-- testcases.ProductDataDrivenTest -->
