<?xml version="1.0" encoding="UTF-8"?>
<!-- Generated by org.testng.reporters.JUnitReportReporter -->
<testsuite hostname="Jadhav" failures="0" tests="5" name="testcases.ProductDataDrivenTest" time="4.387" errors="0" timestamp="2026-08-12T19:51:10 IST" skipped="0">
  <testcase classname="testcases.ProductDataDrivenTest" name="testAddNewProduct" time="0.629"/>
  <testcase classname="testcases.ProductDataDrivenTest" name="testAddNewProduct" time="0.588"/>
  <testcase classname="testcases.ProductDataDrivenTest" name="testAddNewProduct" time="1.994"/>
  <testcase classname="testcases.ProductDataDrivenTest" name="testAddNewProduct" time="0.508"/>
  <testcase classname="testcases.ProductDataDrivenTest" name="testAddNewProduct" time="0.668"/>
</testsuite> <!-- testcases.ProductDataDrivenTest -->
