<?xml version="1.0" encoding="UTF-8"?>
<!-- Generated by org.testng.reporters.JUnitReportReporter -->
<testsuite hostname="Jadhav" failures="0" tests="10" name="testcases.CartTests" time="7.133" errors="0" timestamp="2026-08-23T16:39:32 IST" skipped="0">
  <testcase classname="testcases.CartTests" name="testUpdateCart" time="0.513"/>
  <testcase classname="testcases.CartTests" name="testGetCartById" time="0.568"/>
  <testcase classname="testcases.CartTests" name="testGetCartsSortedAsc" time="0.588"/>
  <testcase classname="testcases.CartTests" name="testGetCartsByDateRange" time="0.587"/>
  <testcase classname="testcases.CartTests" name="testGetCartsSorted" time="0.577"/>
  <testcase classname="testcases.CartTests" name="testGetCartsWithLimit" time="0.609"/>
  <testcase classname="testcases.CartTests" name="testCreateCart" time="1.915"/>
  <testcase classname="testcases.CartTests" name="testGetUserCart" time="0.611"/>
  <testcase classname="testcases.CartTests" name="testGetAllCarts" time="0.586"/>
  <testcase classname="testcases.CartTests" name="testDeleteCart" time="0.579"/>
</testsuite> <!-- testcases.CartTests -->
