<?xml version="1.0" encoding="UTF-8"?>
<!-- Generated by org.testng.reporters.JUnitReportReporter -->
<testsuite hostname="Jadhav" failures="0" tests="10" name="testcases.ProductTests" time="7.935" errors="0" timestamp="2026-08-11T23:19:08 IST" skipped="0">
  <testcase classname="testcases.ProductTests" name="testGetProductsByCategory" time="0.633"/>
  <testcase classname="testcases.ProductTests" name="testGetSortedProducts" time="0.623"/>
  <testcase classname="testcases.ProductTests" name="testDeleteProduct" time="0.675"/>
  <testcase classname="testcases.ProductTests" name="testGetAllProducts" time="0.644"/>
  <testcase classname="testcases.ProductTests" name="testGetLimitedProducts" time="0.561"/>
  <testcase classname="testcases.ProductTests" name="testUpdateProduct" time="0.614"/>
  <testcase classname="testcases.ProductTests" name="testAddNewProduct" time="2.279"/>
  <testcase classname="testcases.ProductTests" name="testGetSingleProductById" time="0.590"/>
  <testcase classname="testcases.ProductTests" name="testGetAllCategories" time="0.628"/>
  <testcase classname="testcases.ProductTests" name="testGetSortedProductsAsc" time="0.688"/>
</testsuite> <!-- testcases.ProductTests -->
