<?xml version="1.0" encoding="UTF-8"?>
<!-- Generated by org.testng.reporters.JUnitReportReporter -->
<testsuite hostname="Jadhav" failures="0" tests="10" name="testcases.ProductTests" time="6.250" errors="0" timestamp="2026-08-23T16:39:32 IST" skipped="0">
  <testcase classname="testcases.ProductTests" name="testDeleteProduct" time="0.490"/>
  <testcase classname="testcases.ProductTests" name="testGetProductsByCategory" time="0.481"/>
  <testcase classname="testcases.ProductTests" name="testGetAllCategories" time="0.499"/>
  <testcase classname="testcases.ProductTests" name="testGetSortedProductsAsc" time="0.482"/>
  <testcase classname="testcases.ProductTests" name="testGetLimitedProducts" time="0.472"/>
  <testcase classname="testcases.ProductTests" name="testGetSortedProducts" time="0.488"/>
  <testcase classname="testcases.ProductTests" name="testGetSingleProductById" time="0.474"/>
  <testcase classname="testcases.ProductTests" name="testUpdateProduct" time="0.501"/>
  <testcase classname="testcases.ProductTests" name="testAddNewProduct" time="1.893"/>
  <testcase classname="testcases.ProductTests" name="testGetAllProducts" time="0.470"/>
</testsuite> <!-- testcases.ProductTests -->
