<?xml version="1.0" encoding="UTF-8"?>
<!-- Generated by org.testng.reporters.JUnitReportReporter -->
<testsuite hostname="Jadhav" failures="0" tests="8" name="testcases.UserTests" time="8.317" errors="0" timestamp="2026-08-20T23:59:20 IST" skipped="0">
  <testcase classname="testcases.UserTests" name="testGetUsersSortedAsc" time="0.960"/>
  <testcase classname="testcases.UserTests" name="testDeleteUser" time="0.698"/>
  <testcase classname="testcases.UserTests" name="testGetUsersSorted" time="0.687"/>
  <testcase classname="testcases.UserTests" name="testGetUsersWithLimit" time="0.765"/>
  <testcase classname="testcases.UserTests" name="testGetAllUsers" time="0.885"/>
  <testcase classname="testcases.UserTests" name="testGetUserById" time="0.607"/>
  <testcase classname="testcases.UserTests" name="testCreateUser" time="2.895"/>
  <testcase classname="testcases.UserTests" name="testUpdateUser" time="0.820"/>
</testsuite> <!-- testcases.UserTests -->
