<?xml version="1.0" encoding="UTF-8"?>
<!-- Generated by org.testng.reporters.JUnitReportReporter -->
<testsuite hostname="Jadhav" failures="0" tests="8" name="testcases.UserTests" time="7.163" errors="0" timestamp="2026-08-24T19:57:47 IST" skipped="0">
  <testcase classname="testcases.UserTests" name="testGetUsersSorted" time="0.746"/>
  <testcase classname="testcases.UserTests" name="testGetAllUsers" time="0.637"/>
  <testcase classname="testcases.UserTests" name="testGetUsersWithLimit" time="0.633"/>
  <testcase classname="testcases.UserTests" name="testUpdateUser" time="0.494"/>
  <testcase classname="testcases.UserTests" name="testCreateUser" time="2.705"/>
  <testcase classname="testcases.UserTests" name="testDeleteUser" time="0.608"/>
  <testcase classname="testcases.UserTests" name="testGetUserById" time="0.665"/>
  <testcase classname="testcases.UserTests" name="testGetUsersSortedAsc" time="0.675"/>
</testsuite> <!-- testcases.UserTests -->
