<?xml version="1.0" encoding="UTF-8"?>
<!-- Generated by org.testng.reporters.JUnitReportReporter -->
<testsuite hostname="Jadhav" failures="0" tests="5" name="testcases.ProductDataDrivenTest" time="3.931" errors="0" timestamp="2026-08-24T19:57:47 IST" skipped="0">
  <testcase classname="testcases.ProductDataDrivenTest" name="testAddNewProduct" time="0.600"/>
  <testcase classname="testcases.ProductDataDrivenTest" name="testAddNewProduct" time="1.897"/>
  <testcase classname="testcases.ProductDataDrivenTest" name="testAddNewProduct" time="0.468"/>
  <testcase classname="testcases.ProductDataDrivenTest" name="testAddNewProduct" time="0.470"/>
  <testcase classname="testcases.ProductDataDrivenTest" name="testAddNewProduct" time="0.496"/>
</testsuite> <!-- testcases.ProductDataDrivenTest -->
