<?xml version="1.0" encoding="UTF-8"?>
<!-- Generated by org.testng.reporters.JUnitXMLReporter -->
<testsuite ignored="0" hostname="Jadhav" failures="1" tests="10" name="Cart Test" time="9.277" errors="0" timestamp="2026-08-24T19:57:47 IST">
  <testcase classname="testcases.CartTests" name="testCreateCart" time="2.733">
    <failure type="java.lang.AssertionError" message="1 expectation failed.
JSON path products.size() doesn&amp;apos;t match.
Expected: a value greater than &amp;lt;1&amp;gt;
  Actual: &amp;lt;1&amp;gt;
">
      <![CDATA[java.lang.AssertionError: 1 expectation failed.
JSON path products.size() doesn't match.
Expected: a value greater than <1>
  Actual: <1>

at org.codehaus.groovy.runtime.callsite.ConstructorSite$ConstructorSiteNoUnwrapNoCoerce.callConstructor(ConstructorSite.java:108)
at org.codehaus.groovy.runtime.callsite.CallSiteArray.defaultCallConstructor(CallSiteArray.java:57)
at org.codehaus.groovy.runtime.callsite.AbstractCallSite.callConstructor(AbstractCallSite.java:263)
at org.codehaus.groovy.runtime.callsite.AbstractCallSite.callConstructor(AbstractCallSite.java:277)
at io.restassured.internal.ResponseSpecificationImpl$HamcrestAssertionClosure.validate(ResponseSpecificationImpl.groovy:512)
at io.restassured.internal.ResponseSpecificationImpl$HamcrestAssertionClosure$validate$6.call(Unknown Source)
at io.restassured.internal.ResponseSpecificationImpl.validateResponseIfRequired(ResponseSpecificationImpl.groovy:696)
at io.restassured.internal.ResponseSpecificationImpl.this$2$validateResponseIfRequired(ResponseSpecificationImpl.groovy)
at org.codehaus.groovy.runtime.callsite.PlainObjectMetaMethodSite.doInvoke(PlainObjectMetaMethodSite.java:43)
at org.codehaus.groovy.runtime.callsite.PogoMetaMethodSite$PogoCachedMethodSiteNoUnwrapNoCoerce.invoke(PogoMetaMethodSite.java:198)
at org.codehaus.groovy.runtime.callsite.PogoMetaMethodSite.callCurrent(PogoMetaMethodSite.java:62)
at org.codehaus.groovy.runtime.callsite.AbstractCallSite.callCurrent(AbstractCallSite.java:185)
at io.restassured.internal.ResponseSpecificationImpl.body(ResponseSpecificationImpl.groovy:270)
at io.restassured.specification.ResponseSpecification$body$2.callCurrent(Unknown Source)
at org.codehaus.groovy.runtime.callsite.CallSiteArray.defaultCallCurrent(CallSiteArray.java:49)
at io.restassured.specification.ResponseSpecification$body$2.callCurrent(Unknown Source)
at io.restassured.internal.ResponseSpecificationImpl.body(ResponseSpecificationImpl.groovy:117)
at io.restassured.internal.ValidatableResponseOptionsImpl.body(ValidatableResponseOptionsImpl.java:244)
at testcases.CartTests.testCreateCart(CartTests.java:61)
at java.base/java.util.ArrayList.forEach(ArrayList.java:1596)
at java.base/java.util.concurrent.FutureTask.run(FutureTask.java:317)
at java.base/java.util.concurrent.ThreadPoolExecutor.runWorker(ThreadPoolExecutor.java:1144)
at java.base/java.util.concurrent.ThreadPoolExecutor$Worker.run(ThreadPoolExecutor.java:642)
at java.base/java.lang.Thread.run(Thread.java:1583)
... Removed 21 stack frames]]>
    </failure>
  </testcase> <!-- testCreateCart -->
  <testcase classname="testcases.CartTests" name="testDeleteCart" time="0.576"/>
  <testcase classname="testcases.CartTests" name="testGetAllCarts" time="0.62"/>
  <testcase classname="testcases.CartTests" name="testGetCartById" time="0.674"/>
  <testcase classname="testcases.CartTests" name="testGetCartsByDateRange" time="0.746"/>
  <testcase classname="testcases.CartTests" name="testGetCartsSorted" time="0.675"/>
  <testcase classname="testcases.CartTests" name="testGetCartsSortedAsc" time="0.647"/>
  <testcase classname="testcases.CartTests" name="testGetCartsWithLimit" time="0.596"/>
  <testcase classname="testcases.CartTests" name="testGetUserCart" time="0.629"/>
  <testcase classname="testcases.CartTests" name="testUpdateCart" time="0.697"/>
</testsuite> <!-- Cart Test -->
