<?xml version="1.0" encoding="UTF-8"?>
<!-- Generated by org.testng.reporters.JUnitXMLReporter -->
<testsuite ignored="0" hostname="Jadhav" failures="0" tests="10" name="ProductTest" time="8.171" errors="0" timestamp="2026-08-24T19:57:46 IST">
  <testcase classname="testcases.ProductTests" name="testAddNewProduct" time="2.691"/>
  <testcase classname="testcases.ProductTests" name="testDeleteProduct" time="0.508"/>
  <testcase classname="testcases.ProductTests" name="testGetAllCategories" time="0.493"/>
  <testcase classname="testcases.ProductTests" name="testGetAllProducts" time="0.542"/>
  <testcase classname="testcases.ProductTests" name="testGetLimitedProducts" time="0.582"/>
  <testcase classname="testcases.ProductTests" name="testGetProductsByCategory" time="0.547"/>
  <testcase classname="testcases.ProductTests" name="testGetSingleProductById" time="0.578"/>
  <testcase classname="testcases.ProductTests" name="testGetSortedProducts" time="0.505"/>
  <testcase classname="testcases.ProductTests" name="testGetSortedProductsAsc" time="0.532"/>
  <testcase classname="testcases.ProductTests" name="testUpdateProduct" time="0.505"/>
</testsuite> <!-- ProductTest -->
