<?xml version="1.0" encoding="UTF-8"?>
<!-- Generated by org.testng.reporters.JUnitXMLReporter -->
<testsuite ignored="0" hostname="Jadhav" failures="0" tests="5" name="Product Data Driven Test" time="4.969" errors="0" timestamp="2026-08-24T19:57:43 IST">
  <testcase classname="testcases.ProductDataDrivenTest" name="testAddNewProduct" time="1.897"/>
  <testcase classname="testcases.ProductDataDrivenTest" name="testAddNewProduct" time="0.6"/>
  <testcase classname="testcases.ProductDataDrivenTest" name="testAddNewProduct" time="0.496"/>
  <testcase classname="testcases.ProductDataDrivenTest" name="testAddNewProduct" time="0.468"/>
  <testcase classname="testcases.ProductDataDrivenTest" name="testAddNewProduct" time="0.47"/>
</testsuite> <!-- Product Data Driven Test -->
