<?xml version="1.0" encoding="UTF-8"?>
<!-- Generated by org.testng.reporters.JUnitXMLReporter -->
<testsuite ignored="0" hostname="Jadhav" failures="0" tests="8" name="UserTest" time="7.826" errors="0" timestamp="2026-08-24T19:57:45 IST">
  <testcase classname="testcases.UserTests" name="testCreateUser" time="2.705"/>
  <testcase classname="testcases.UserTests" name="testDeleteUser" time="0.608"/>
  <testcase classname="testcases.UserTests" name="testGetAllUsers" time="0.637"/>
  <testcase classname="testcases.UserTests" name="testGetUserById" time="0.665"/>
  <testcase classname="testcases.UserTests" name="testGetUsersSorted" time="0.746"/>
  <testcase classname="testcases.UserTests" name="testGetUsersSortedAsc" time="0.675"/>
  <testcase classname="testcases.UserTests" name="testGetUsersWithLimit" time="0.633"/>
  <testcase classname="testcases.UserTests" name="testUpdateUser" time="0.494"/>
</testsuite> <!-- UserTest -->
