<?xml version="1.0" encoding="UTF-8"?>
<!-- Generated by org.testng.reporters.JUnitXMLReporter -->
<testsuite ignored="0" hostname="Jadhav" failures="0" tests="5" name="Product Data Driven Test" time="2.825" errors="0" timestamp="2026-08-21T10:23:46 IST">
  <testcase classname="testcases.ProductDataDrivenTest" name="testAddNewProduct" time="0.551"/>
  <testcase classname="testcases.ProductDataDrivenTest" name="testAddNewProduct" time="0.475"/>
  <testcase classname="testcases.ProductDataDrivenTest" name="testAddNewProduct" time="0.527"/>
  <testcase classname="testcases.ProductDataDrivenTest" name="testAddNewProduct" time="0.611"/>
  <testcase classname="testcases.ProductDataDrivenTest" name="testAddNewProduct" time="0.607"/>
</testsuite> <!-- Product Data Driven Test -->
