<?xml version="1.0" encoding="UTF-8"?>
<!-- Generated by org.testng.reporters.JUnitXMLReporter -->
<testsuite ignored="0" hostname="Jadhav" failures="0" tests="5" name="Product Data Driven Test" time="3.841" errors="0" timestamp="2026-08-23T16:39:29 IST">
  <testcase classname="testcases.ProductDataDrivenTest" name="testAddNewProduct" time="1.322"/>
  <testcase classname="testcases.ProductDataDrivenTest" name="testAddNewProduct" time="0.481"/>
  <testcase classname="testcases.ProductDataDrivenTest" name="testAddNewProduct" time="0.471"/>
  <testcase classname="testcases.ProductDataDrivenTest" name="testAddNewProduct" time="0.477"/>
  <testcase classname="testcases.ProductDataDrivenTest" name="testAddNewProduct" time="0.465"/>
</testsuite> <!-- Product Data Driven Test -->
