<?xml version="1.0" encoding="UTF-8"?>
<!-- Generated by org.testng.reporters.JUnitXMLReporter -->
<testsuite ignored="0" hostname="Jadhav" failures="0" tests="10" name="ProductTest" time="6.42" errors="0" timestamp="2026-08-21T10:23:43 IST">
  <testcase classname="testcases.ProductTests" name="testAddNewProduct" time="0.642"/>
  <testcase classname="testcases.ProductTests" name="testDeleteProduct" time="0.646"/>
  <testcase classname="testcases.ProductTests" name="testGetAllCategories" time="0.625"/>
  <testcase classname="testcases.ProductTests" name="testGetAllProducts" time="0.634"/>
  <testcase classname="testcases.ProductTests" name="testGetLimitedProducts" time="0.671"/>
  <testcase classname="testcases.ProductTests" name="testGetProductsByCategory" time="0.574"/>
  <testcase classname="testcases.ProductTests" name="testGetSingleProductById" time="0.653"/>
  <testcase classname="testcases.ProductTests" name="testGetSortedProducts" time="0.63"/>
  <testcase classname="testcases.ProductTests" name="testGetSortedProductsAsc" time="0.608"/>
  <testcase classname="testcases.ProductTests" name="testUpdateProduct" time="0.674"/>
</testsuite> <!-- ProductTest -->
