<?xml version="1.0" encoding="UTF-8"?>
<!-- Generated by org.testng.reporters.JUnitXMLReporter -->
<testsuite ignored="0" hostname="Jadhav" failures="0" tests="6" name="Test" time="7.162" errors="0" timestamp="2026-08-20T23:57:33 IST">
  <testcase classname="testcases.UserTests" name="testCreateUser" time="2.819"/>
  <testcase classname="testcases.UserTests" name="testGetAllUsers" time="0.902"/>
  <testcase classname="testcases.UserTests" name="testGetUserById" time="0.707"/>
  <testcase classname="testcases.UserTests" name="testGetUsersSorted" time="0.713"/>
  <testcase classname="testcases.UserTests" name="testGetUsersSortedAsc" time="0.751"/>
  <testcase classname="testcases.UserTests" name="testGetUsersWithLimit" time="0.67"/>
</testsuite> <!-- Test -->
