<?xml version="1.0" encoding="UTF-8"?>
<!-- Generated by org.testng.reporters.JUnitXMLReporter -->
<testsuite ignored="0" hostname="Jadhav" failures="0" tests="5" name="Test" time="3.85" errors="0" timestamp="2026-08-13T23:26:24 IST">
  <testcase classname="testcases.ProductDataDrivenTest" name="testAddNewProduct" time="1.479"/>
  <testcase classname="testcases.ProductDataDrivenTest" name="testAddNewProduct" time="0.445"/>
  <testcase classname="testcases.ProductDataDrivenTest" name="testAddNewProduct" time="0.486"/>
  <testcase classname="testcases.ProductDataDrivenTest" name="testAddNewProduct" time="0.457"/>
  <testcase classname="testcases.ProductDataDrivenTest" name="testAddNewProduct" time="0.472"/>
</testsuite> <!-- Test -->
