<?xml version="1.0" encoding="UTF-8"?>
<!-- Generated by org.testng.reporters.JUnitXMLReporter -->
<testsuite ignored="0" hostname="Jadhav" failures="0" tests="8" name="UserTest" time="6.256" errors="0" timestamp="2026-08-23T16:39:31 IST">
  <testcase classname="testcases.UserTests" name="testCreateUser" time="1.905"/>
  <testcase classname="testcases.UserTests" name="testDeleteUser" time="0.588"/>
  <testcase classname="testcases.UserTests" name="testGetAllUsers" time="0.588"/>
  <testcase classname="testcases.UserTests" name="testGetUserById" time="0.557"/>
  <testcase classname="testcases.UserTests" name="testGetUsersSorted" time="0.576"/>
  <testcase classname="testcases.UserTests" name="testGetUsersSortedAsc" time="0.577"/>
  <testcase classname="testcases.UserTests" name="testGetUsersWithLimit" time="0.56"/>
  <testcase classname="testcases.UserTests" name="testUpdateUser" time="0.525"/>
</testsuite> <!-- UserTest -->
