<?xml version="1.0" encoding="UTF-8"?>
<!-- Generated by org.testng.reporters.JUnitXMLReporter -->
<testsuite ignored="0" hostname="Jadhav" failures="0" tests="8" name="UserTest" time="8.431" errors="0" timestamp="2026-08-21T10:23:37 IST">
  <testcase classname="testcases.UserTests" name="testCreateUser" time="2.618"/>
  <testcase classname="testcases.UserTests" name="testDeleteUser" time="0.78"/>
  <testcase classname="testcases.UserTests" name="testGetAllUsers" time="0.768"/>
  <testcase classname="testcases.UserTests" name="testGetUserById" time="0.751"/>
  <testcase classname="testcases.UserTests" name="testGetUsersSorted" time="0.758"/>
  <testcase classname="testcases.UserTests" name="testGetUsersSortedAsc" time="0.904"/>
  <testcase classname="testcases.UserTests" name="testGetUsersWithLimit" time="0.682"/>
  <testcase classname="testcases.UserTests" name="testUpdateUser" time="0.623"/>
</testsuite> <!-- UserTest -->
